<?xml version="1.0" encoding="UTF-8"?>
<!-- Generated by org.testng.reporters.JUnitReportReporter -->
<testsuite hostname="Dell7000" failures="0" tests="3" name="com.demoqa.authentication.testcases.RestAssuredAuthenticationTest" time="1.224" errors="0" timestamp="20 Oct 2019 16:17:45 GMT" skipped="0">
  <testcase classname="com.demoqa.authentication.testcases.RestAssuredAuthenticationTest" name="testResponse" time="0.878"/>
  <testcase classname="com.demoqa.authentication.testcases.RestAssuredAuthenticationTest" name="testStatsusCode" time="0.178"/>
  <testcase classname="com.demoqa.authentication.testcases.RestAssuredAuthenticationTest" name="testWithInvalidCredential" time="0.168"/>
</testsuite> <!-- com.demoqa.authentication.testcases.RestAssuredAuthenticationTest -->
