<?xml version="1.0" encoding="UTF-8"?>
<!-- Generated by org.testng.reporters.JUnitReportReporter -->
<testsuite hostname="Dell7000" failures="0" tests="1" name="testscript.TC001_GET_Request" time="1.896" errors="0" timestamp="2019-10-18T09:05:39 EDT" skipped="0">
  <testcase classname="testscript.TC001_GET_Request" name="getweatherDetails" time="1.896"/>
</testsuite> <!-- testscript.TC001_GET_Request -->
